2019-01-14 00:57:39.690370: I tensorflow/core/platform/cpu_feature_guard.cc:141] Your CPU supports instructions that this TensorFlow binary was not compiled to use: AVX2 FMA
2019-01-14 00:57:39.838389: I tensorflow/core/common_runtime/gpu/gpu_device.cc:1432] Found device 0 with properties: 
name: GeForce GTX 1080 Ti major: 6 minor: 1 memoryClockRate(GHz): 1.6325
pciBusID: 0000:06:00.0
totalMemory: 10.92GiB freeMemory: 10.76GiB
2019-01-14 00:57:39.838418: I tensorflow/core/common_runtime/gpu/gpu_device.cc:1511] Adding visible gpu devices: 0
2019-01-14 00:57:40.063900: I tensorflow/core/common_runtime/gpu/gpu_device.cc:982] Device interconnect StreamExecutor with strength 1 edge matrix:
2019-01-14 00:57:40.063934: I tensorflow/core/common_runtime/gpu/gpu_device.cc:988]      0 
2019-01-14 00:57:40.063940: I tensorflow/core/common_runtime/gpu/gpu_device.cc:1001] 0:   N 
2019-01-14 00:57:40.064184: I tensorflow/core/common_runtime/gpu/gpu_device.cc:1115] Created TensorFlow device (/job:localhost/replica:0/task:0/device:GPU:0 with 10407 MB memory) -> physical GPU (device: 0, name: GeForce GTX 1080 Ti, pci bus id: 0000:06:00.0, compute capability: 6.1)
Train on 50000 samples, validate on 10000 samples
Epoch 1/75
 - 27s - loss: 4.0816 - decoder_loss: 0.6041 - classifier_loss: 1.6651 - val_loss: 3.7352 - val_decoder_loss: 0.5943 - val_classifier_loss: 1.3580
2019-01-14 00:58:31.051833: I tensorflow/core/platform/cpu_feature_guard.cc:141] Your CPU supports instructions that this TensorFlow binary was not compiled to use: AVX2 FMA
2019-01-14 00:58:31.203235: I tensorflow/core/common_runtime/gpu/gpu_device.cc:1432] Found device 0 with properties: 
name: GeForce GTX 1080 Ti major: 6 minor: 1 memoryClockRate(GHz): 1.6325
pciBusID: 0000:0a:00.0
totalMemory: 10.92GiB freeMemory: 10.76GiB
2019-01-14 00:58:31.203266: I tensorflow/core/common_runtime/gpu/gpu_device.cc:1511] Adding visible gpu devices: 0
2019-01-14 00:58:31.441227: I tensorflow/core/common_runtime/gpu/gpu_device.cc:982] Device interconnect StreamExecutor with strength 1 edge matrix:
2019-01-14 00:58:31.441274: I tensorflow/core/common_runtime/gpu/gpu_device.cc:988]      0 
2019-01-14 00:58:31.441285: I tensorflow/core/common_runtime/gpu/gpu_device.cc:1001] 0:   N 
2019-01-14 00:58:31.441567: I tensorflow/core/common_runtime/gpu/gpu_device.cc:1115] Created TensorFlow device (/job:localhost/replica:0/task:0/device:GPU:0 with 10407 MB memory) -> physical GPU (device: 0, name: GeForce GTX 1080 Ti, pci bus id: 0000:0a:00.0, compute capability: 6.1)
Epoch 2/75
 - 22s - loss: 3.7606 - decoder_loss: 0.5951 - classifier_loss: 1.3804 - val_loss: 3.5740 - val_decoder_loss: 0.5956 - val_classifier_loss: 1.1917
Train on 50000 samples, validate on 10000 samples
Epoch 1/75
 - 24s - loss: 1.7762 - decoder_loss: 0.0272 - classifier_loss: 1.6673 - val_loss: 1.3951 - val_decoder_loss: 0.0215 - val_classifier_loss: 1.3091
Epoch 3/75
 - 22s - loss: 3.6287 - decoder_loss: 0.5932 - classifier_loss: 1.2559 - val_loss: 3.4377 - val_decoder_loss: 0.5899 - val_classifier_loss: 1.0780
Epoch 4/75
 - 22s - loss: 3.5692 - decoder_loss: 0.5928 - classifier_loss: 1.1982 - val_loss: 3.4036 - val_decoder_loss: 0.5895 - val_classifier_loss: 1.0454
Epoch 2/75
 - 22s - loss: 1.4664 - decoder_loss: 0.0221 - classifier_loss: 1.3778 - val_loss: 1.3018 - val_decoder_loss: 0.0192 - val_classifier_loss: 1.2249
Epoch 5/75
 - 23s - loss: 3.5111 - decoder_loss: 0.5928 - classifier_loss: 1.1397 - val_loss: 3.3545 - val_decoder_loss: 0.5908 - val_classifier_loss: 0.9913
Epoch 3/75
 - 22s - loss: 1.3498 - decoder_loss: 0.0217 - classifier_loss: 1.2629 - val_loss: 1.2023 - val_decoder_loss: 0.0195 - val_classifier_loss: 1.1245
Epoch 6/75
 - 23s - loss: 3.4749 - decoder_loss: 0.5925 - classifier_loss: 1.1048 - val_loss: 3.4649 - val_decoder_loss: 0.5879 - val_classifier_loss: 1.1133
Epoch 4/75
 - 22s - loss: 1.2844 - decoder_loss: 0.0218 - classifier_loss: 1.1971 - val_loss: 1.1360 - val_decoder_loss: 0.0194 - val_classifier_loss: 1.0583
Epoch 7/75
 - 22s - loss: 3.4462 - decoder_loss: 0.5923 - classifier_loss: 1.0771 - val_loss: 3.3248 - val_decoder_loss: 0.5890 - val_classifier_loss: 0.9687
Epoch 5/75
 - 21s - loss: 1.2491 - decoder_loss: 0.0218 - classifier_loss: 1.1617 - val_loss: 1.1392 - val_decoder_loss: 0.0197 - val_classifier_loss: 1.0604
Epoch 8/75
 - 23s - loss: 3.4199 - decoder_loss: 0.5922 - classifier_loss: 1.0509 - val_loss: 3.3362 - val_decoder_loss: 0.5876 - val_classifier_loss: 0.9859
Epoch 6/75
 - 22s - loss: 1.2167 - decoder_loss: 0.0217 - classifier_loss: 1.1298 - val_loss: 1.1574 - val_decoder_loss: 0.0198 - val_classifier_loss: 1.0783
Epoch 9/75
 - 23s - loss: 3.4007 - decoder_loss: 0.5919 - classifier_loss: 1.0333 - val_loss: 3.3134 - val_decoder_loss: 0.5906 - val_classifier_loss: 0.9509
Epoch 7/75
 - 22s - loss: 1.1817 - decoder_loss: 0.0216 - classifier_loss: 1.0953 - val_loss: 1.1087 - val_decoder_loss: 0.0203 - val_classifier_loss: 1.0274
Epoch 8/75
 - 22s - loss: 1.1614 - decoder_loss: 0.0218 - classifier_loss: 1.0743 - val_loss: 1.0052 - val_decoder_loss: 0.0189 - val_classifier_loss: 0.9296
Epoch 10/75
 - 23s - loss: 3.3874 - decoder_loss: 0.5922 - classifier_loss: 1.0186 - val_loss: 3.3803 - val_decoder_loss: 0.5908 - val_classifier_loss: 1.0169
Epoch 9/75
 - 22s - loss: 1.1445 - decoder_loss: 0.0217 - classifier_loss: 1.0579 - val_loss: 1.1731 - val_decoder_loss: 0.0212 - val_classifier_loss: 1.0884
Epoch 11/75
 - 23s - loss: 3.3684 - decoder_loss: 0.5919 - classifier_loss: 1.0007 - val_loss: 3.3051 - val_decoder_loss: 0.5889 - val_classifier_loss: 0.9496
Epoch 10/75
 - 21s - loss: 1.1235 - decoder_loss: 0.0217 - classifier_loss: 1.0368 - val_loss: 1.0157 - val_decoder_loss: 0.0193 - val_classifier_loss: 0.9385
Epoch 12/75
 - 23s - loss: 3.3491 - decoder_loss: 0.5917 - classifier_loss: 0.9825 - val_loss: 3.2740 - val_decoder_loss: 0.5871 - val_classifier_loss: 0.9256
Epoch 11/75
 - 22s - loss: 1.1059 - decoder_loss: 0.0217 - classifier_loss: 1.0193 - val_loss: 1.1164 - val_decoder_loss: 0.0199 - val_classifier_loss: 1.0367
Epoch 13/75
 - 21s - loss: 3.3436 - decoder_loss: 0.5913 - classifier_loss: 0.9783 - val_loss: 3.3356 - val_decoder_loss: 0.5895 - val_classifier_loss: 0.9775
Epoch 12/75
 - 22s - loss: 1.0987 - decoder_loss: 0.0215 - classifier_loss: 1.0126 - val_loss: 1.0345 - val_decoder_loss: 0.0202 - val_classifier_loss: 0.9535
Epoch 14/75
 - 23s - loss: 3.3326 - decoder_loss: 0.5911 - classifier_loss: 0.9680 - val_loss: 3.4510 - val_decoder_loss: 0.5887 - val_classifier_loss: 1.0962
Epoch 13/75
 - 22s - loss: 1.0903 - decoder_loss: 0.0216 - classifier_loss: 1.0039 - val_loss: 1.0549 - val_decoder_loss: 0.0202 - val_classifier_loss: 0.9739
Epoch 15/75
 - 23s - loss: 3.3181 - decoder_loss: 0.5909 - classifier_loss: 0.9545 - val_loss: 3.2662 - val_decoder_loss: 0.5896 - val_classifier_loss: 0.9076
Epoch 14/75
 - 22s - loss: 1.0768 - decoder_loss: 0.0215 - classifier_loss: 0.9909 - val_loss: 1.0097 - val_decoder_loss: 0.0198 - val_classifier_loss: 0.9306
Epoch 16/75
 - 22s - loss: 3.3146 - decoder_loss: 0.5911 - classifier_loss: 0.9502 - val_loss: 3.2900 - val_decoder_loss: 0.5885 - val_classifier_loss: 0.9360
Epoch 15/75
 - 21s - loss: 1.0683 - decoder_loss: 0.0216 - classifier_loss: 0.9819 - val_loss: 0.9490 - val_decoder_loss: 0.0188 - val_classifier_loss: 0.8739
Epoch 17/75
 - 22s - loss: 3.3064 - decoder_loss: 0.5910 - classifier_loss: 0.9425 - val_loss: 3.3102 - val_decoder_loss: 0.5874 - val_classifier_loss: 0.9604
Epoch 16/75
 - 22s - loss: 1.0612 - decoder_loss: 0.0216 - classifier_loss: 0.9748 - val_loss: 0.9868 - val_decoder_loss: 0.0205 - val_classifier_loss: 0.9047
Epoch 18/75
 - 23s - loss: 3.2971 - decoder_loss: 0.5913 - classifier_loss: 0.9320 - val_loss: 3.2212 - val_decoder_loss: 0.5899 - val_classifier_loss: 0.8616
Epoch 17/75
 - 22s - loss: 1.0556 - decoder_loss: 0.0216 - classifier_loss: 0.9692 - val_loss: 0.9330 - val_decoder_loss: 0.0190 - val_classifier_loss: 0.8571
Epoch 19/75
 - 23s - loss: 3.2856 - decoder_loss: 0.5909 - classifier_loss: 0.9220 - val_loss: 3.2611 - val_decoder_loss: 0.5896 - val_classifier_loss: 0.9025
Epoch 18/75
 - 22s - loss: 1.0502 - decoder_loss: 0.0214 - classifier_loss: 0.9645 - val_loss: 0.9676 - val_decoder_loss: 0.0196 - val_classifier_loss: 0.8890
Epoch 20/75
 - 23s - loss: 3.2843 - decoder_loss: 0.5911 - classifier_loss: 0.9200 - val_loss: 3.4362 - val_decoder_loss: 0.5894 - val_classifier_loss: 1.0785
Epoch 19/75
 - 22s - loss: 1.0378 - decoder_loss: 0.0215 - classifier_loss: 0.9518 - val_loss: 0.9277 - val_decoder_loss: 0.0196 - val_classifier_loss: 0.8494
Epoch 21/75
 - 23s - loss: 3.2854 - decoder_loss: 0.5910 - classifier_loss: 0.9215 - val_loss: 3.2308 - val_decoder_loss: 0.5881 - val_classifier_loss: 0.8782
Epoch 20/75
 - 21s - loss: 1.0378 - decoder_loss: 0.0215 - classifier_loss: 0.9518 - val_loss: 1.0297 - val_decoder_loss: 0.0223 - val_classifier_loss: 0.9407
Epoch 21/75
 - 22s - loss: 1.0372 - decoder_loss: 0.0216 - classifier_loss: 0.9509 - val_loss: 1.0239 - val_decoder_loss: 0.0187 - val_classifier_loss: 0.9492
Epoch 22/75
 - 23s - loss: 3.2664 - decoder_loss: 0.5910 - classifier_loss: 0.9024 - val_loss: 3.2841 - val_decoder_loss: 0.5886 - val_classifier_loss: 0.9296
Epoch 23/75
 - 22s - loss: 3.2619 - decoder_loss: 0.5910 - classifier_loss: 0.8981 - val_loss: 3.2351 - val_decoder_loss: 0.5880 - val_classifier_loss: 0.8829
Epoch 22/75
 - 22s - loss: 1.0356 - decoder_loss: 0.0215 - classifier_loss: 0.9496 - val_loss: 0.9663 - val_decoder_loss: 0.0206 - val_classifier_loss: 0.8841
Epoch 24/75
 - 23s - loss: 3.2592 - decoder_loss: 0.5912 - classifier_loss: 0.8945 - val_loss: 3.1723 - val_decoder_loss: 0.5885 - val_classifier_loss: 0.8181
Epoch 23/75
 - 22s - loss: 1.0233 - decoder_loss: 0.0215 - classifier_loss: 0.9375 - val_loss: 0.9764 - val_decoder_loss: 0.0198 - val_classifier_loss: 0.8972
Epoch 25/75
 - 23s - loss: 3.2521 - decoder_loss: 0.5910 - classifier_loss: 0.8882 - val_loss: 3.1995 - val_decoder_loss: 0.5904 - val_classifier_loss: 0.8381
Epoch 24/75
 - 22s - loss: 1.0149 - decoder_loss: 0.0214 - classifier_loss: 0.9293 - val_loss: 0.9397 - val_decoder_loss: 0.0201 - val_classifier_loss: 0.8591
Epoch 26/75
 - 22s - loss: 3.2567 - decoder_loss: 0.5911 - classifier_loss: 0.8925 - val_loss: 3.2801 - val_decoder_loss: 0.5880 - val_classifier_loss: 0.9282
Epoch 25/75
 - 22s - loss: 1.0180 - decoder_loss: 0.0215 - classifier_loss: 0.9322 - val_loss: 0.9264 - val_decoder_loss: 0.0212 - val_classifier_loss: 0.8414
Epoch 27/75
 - 23s - loss: 3.2544 - decoder_loss: 0.5910 - classifier_loss: 0.8906 - val_loss: 3.1962 - val_decoder_loss: 0.5876 - val_classifier_loss: 0.8459
Epoch 26/75
 - 22s - loss: 1.0093 - decoder_loss: 0.0213 - classifier_loss: 0.9240 - val_loss: 0.9731 - val_decoder_loss: 0.0195 - val_classifier_loss: 0.8950
Epoch 28/75
 - 23s - loss: 3.2503 - decoder_loss: 0.5909 - classifier_loss: 0.8869 - val_loss: 3.1698 - val_decoder_loss: 0.5871 - val_classifier_loss: 0.8214
Epoch 27/75
 - 22s - loss: 1.0137 - decoder_loss: 0.0214 - classifier_loss: 0.9279 - val_loss: 0.9704 - val_decoder_loss: 0.0202 - val_classifier_loss: 0.8894
Epoch 29/75
 - 23s - loss: 3.2410 - decoder_loss: 0.5909 - classifier_loss: 0.8775 - val_loss: 3.2028 - val_decoder_loss: 0.5895 - val_classifier_loss: 0.8446
Epoch 28/75
 - 22s - loss: 1.0095 - decoder_loss: 0.0214 - classifier_loss: 0.9238 - val_loss: 0.9939 - val_decoder_loss: 0.0221 - val_classifier_loss: 0.9057
Epoch 30/75
 - 23s - loss: 3.2503 - decoder_loss: 0.5911 - classifier_loss: 0.8859 - val_loss: 3.1947 - val_decoder_loss: 0.5878 - val_classifier_loss: 0.8434
Epoch 29/75
 - 22s - loss: 0.9976 - decoder_loss: 0.0215 - classifier_loss: 0.9117 - val_loss: 0.9278 - val_decoder_loss: 0.0200 - val_classifier_loss: 0.8478
Epoch 31/75
 - 23s - loss: 3.2406 - decoder_loss: 0.5911 - classifier_loss: 0.8761 - val_loss: 3.1797 - val_decoder_loss: 0.5889 - val_classifier_loss: 0.8241
Epoch 30/75
 - 22s - loss: 0.9973 - decoder_loss: 0.0214 - classifier_loss: 0.9118 - val_loss: 0.9835 - val_decoder_loss: 0.0192 - val_classifier_loss: 0.9068
Epoch 31/75
 - 22s - loss: 0.9930 - decoder_loss: 0.0214 - classifier_loss: 0.9074 - val_loss: 0.9727 - val_decoder_loss: 0.0199 - val_classifier_loss: 0.8931
Epoch 32/75
 - 22s - loss: 3.2386 - decoder_loss: 0.5909 - classifier_loss: 0.8749 - val_loss: 3.2548 - val_decoder_loss: 0.5888 - val_classifier_loss: 0.8998
Epoch 33/75
 - 22s - loss: 3.2357 - decoder_loss: 0.5910 - classifier_loss: 0.8719 - val_loss: 3.1634 - val_decoder_loss: 0.5888 - val_classifier_loss: 0.8083
Epoch 32/75
 - 22s - loss: 1.0005 - decoder_loss: 0.0215 - classifier_loss: 0.9145 - val_loss: 0.9280 - val_decoder_loss: 0.0203 - val_classifier_loss: 0.8468
Epoch 34/75
 - 23s - loss: 3.2326 - decoder_loss: 0.5910 - classifier_loss: 0.8686 - val_loss: 3.2178 - val_decoder_loss: 0.5884 - val_classifier_loss: 0.8643
Epoch 33/75
 - 22s - loss: 0.9951 - decoder_loss: 0.0212 - classifier_loss: 0.9103 - val_loss: 0.9283 - val_decoder_loss: 0.0198 - val_classifier_loss: 0.8492
Epoch 35/75
 - 22s - loss: 3.2377 - decoder_loss: 0.5910 - classifier_loss: 0.8739 - val_loss: 3.2003 - val_decoder_loss: 0.5886 - val_classifier_loss: 0.8461
Epoch 34/75
 - 21s - loss: 0.9899 - decoder_loss: 0.0215 - classifier_loss: 0.9040 - val_loss: 1.0197 - val_decoder_loss: 0.0206 - val_classifier_loss: 0.9371
Epoch 36/75
 - 22s - loss: 3.2305 - decoder_loss: 0.5909 - classifier_loss: 0.8669 - val_loss: 3.2378 - val_decoder_loss: 0.5875 - val_classifier_loss: 0.8880
Epoch 35/75
 - 22s - loss: 0.9848 - decoder_loss: 0.0214 - classifier_loss: 0.8993 - val_loss: 0.9851 - val_decoder_loss: 0.0188 - val_classifier_loss: 0.9098
Epoch 37/75
 - 23s - loss: 3.2299 - decoder_loss: 0.5910 - classifier_loss: 0.8660 - val_loss: 3.2401 - val_decoder_loss: 0.5897 - val_classifier_loss: 0.8811
Epoch 36/75
 - 22s - loss: 0.9851 - decoder_loss: 0.0213 - classifier_loss: 0.9000 - val_loss: 0.9673 - val_decoder_loss: 0.0220 - val_classifier_loss: 0.8795
Epoch 38/75
 - 23s - loss: 3.2233 - decoder_loss: 0.5910 - classifier_loss: 0.8592 - val_loss: 3.2298 - val_decoder_loss: 0.5871 - val_classifier_loss: 0.8815
Epoch 37/75
 - 22s - loss: 0.9786 - decoder_loss: 0.0214 - classifier_loss: 0.8930 - val_loss: 0.9052 - val_decoder_loss: 0.0195 - val_classifier_loss: 0.8274
Epoch 39/75
 - 23s - loss: 3.2220 - decoder_loss: 0.5908 - classifier_loss: 0.8586 - val_loss: 3.1817 - val_decoder_loss: 0.5909 - val_classifier_loss: 0.8180
Epoch 38/75
 - 22s - loss: 0.9758 - decoder_loss: 0.0214 - classifier_loss: 0.8902 - val_loss: 0.9047 - val_decoder_loss: 0.0193 - val_classifier_loss: 0.8273
Epoch 40/75
 - 23s - loss: 3.2260 - decoder_loss: 0.5908 - classifier_loss: 0.8627 - val_loss: 3.2010 - val_decoder_loss: 0.5891 - val_classifier_loss: 0.8445
Epoch 39/75
 - 22s - loss: 0.9781 - decoder_loss: 0.0213 - classifier_loss: 0.8928 - val_loss: 0.9490 - val_decoder_loss: 0.0197 - val_classifier_loss: 0.8700
Epoch 41/75
 - 23s - loss: 3.2216 - decoder_loss: 0.5910 - classifier_loss: 0.8576 - val_loss: 3.2128 - val_decoder_loss: 0.5883 - val_classifier_loss: 0.8596
Epoch 40/75
 - 22s - loss: 0.9819 - decoder_loss: 0.0214 - classifier_loss: 0.8965 - val_loss: 0.9791 - val_decoder_loss: 0.0203 - val_classifier_loss: 0.8979
Epoch 41/75
 - 22s - loss: 0.9790 - decoder_loss: 0.0214 - classifier_loss: 0.8936 - val_loss: 1.1292 - val_decoder_loss: 0.0197 - val_classifier_loss: 1.0506
Epoch 42/75
 - 22s - loss: 3.2154 - decoder_loss: 0.5908 - classifier_loss: 0.8521 - val_loss: 3.1753 - val_decoder_loss: 0.5887 - val_classifier_loss: 0.8204
Epoch 43/75
 - 23s - loss: 3.2109 - decoder_loss: 0.5910 - classifier_loss: 0.8468 - val_loss: 3.2001 - val_decoder_loss: 0.5876 - val_classifier_loss: 0.8499
Epoch 42/75
 - 22s - loss: 0.9778 - decoder_loss: 0.0213 - classifier_loss: 0.8927 - val_loss: 0.9944 - val_decoder_loss: 0.0217 - val_classifier_loss: 0.9075
Epoch 44/75
 - 23s - loss: 3.2113 - decoder_loss: 0.5910 - classifier_loss: 0.8472 - val_loss: 3.2710 - val_decoder_loss: 0.5905 - val_classifier_loss: 0.9089
Epoch 43/75
 - 22s - loss: 0.9753 - decoder_loss: 0.0214 - classifier_loss: 0.8897 - val_loss: 0.9444 - val_decoder_loss: 0.0197 - val_classifier_loss: 0.8655
Epoch 45/75
 - 22s - loss: 3.2124 - decoder_loss: 0.5910 - classifier_loss: 0.8485 - val_loss: 3.1591 - val_decoder_loss: 0.5895 - val_classifier_loss: 0.8013
Epoch 44/75
 - 21s - loss: 0.9725 - decoder_loss: 0.0212 - classifier_loss: 0.8876 - val_loss: 0.8994 - val_decoder_loss: 0.0191 - val_classifier_loss: 0.8230
Epoch 46/75
 - 23s - loss: 3.2064 - decoder_loss: 0.5909 - classifier_loss: 0.8427 - val_loss: 3.1848 - val_decoder_loss: 0.5902 - val_classifier_loss: 0.8240
Epoch 45/75
 - 22s - loss: 0.9740 - decoder_loss: 0.0214 - classifier_loss: 0.8883 - val_loss: 0.9296 - val_decoder_loss: 0.0196 - val_classifier_loss: 0.8510
Epoch 47/75
 - 23s - loss: 3.2109 - decoder_loss: 0.5911 - classifier_loss: 0.8465 - val_loss: 3.1847 - val_decoder_loss: 0.5873 - val_classifier_loss: 0.8355
Epoch 46/75
 - 22s - loss: 0.9728 - decoder_loss: 0.0212 - classifier_loss: 0.8879 - val_loss: 0.9021 - val_decoder_loss: 0.0215 - val_classifier_loss: 0.8159
Epoch 48/75
 - 23s - loss: 3.2110 - decoder_loss: 0.5908 - classifier_loss: 0.8476 - val_loss: 3.1968 - val_decoder_loss: 0.5884 - val_classifier_loss: 0.8434
Epoch 47/75
 - 22s - loss: 0.9727 - decoder_loss: 0.0213 - classifier_loss: 0.8876 - val_loss: 0.9354 - val_decoder_loss: 0.0190 - val_classifier_loss: 0.8593
Epoch 49/75
 - 23s - loss: 3.2078 - decoder_loss: 0.5909 - classifier_loss: 0.8442 - val_loss: 3.1988 - val_decoder_loss: 0.5895 - val_classifier_loss: 0.8410
Epoch 48/75
 - 22s - loss: 0.9685 - decoder_loss: 0.0212 - classifier_loss: 0.8836 - val_loss: 0.9217 - val_decoder_loss: 0.0197 - val_classifier_loss: 0.8430
Epoch 49/75
 - 22s - loss: 0.9660 - decoder_loss: 0.0212 - classifier_loss: 0.8813 - val_loss: 1.0315 - val_decoder_loss: 0.0213 - val_classifier_loss: 0.9464
Epoch 50/75
 - 23s - loss: 3.2101 - decoder_loss: 0.5909 - classifier_loss: 0.8465 - val_loss: 3.2492 - val_decoder_loss: 0.5893 - val_classifier_loss: 0.8919
Epoch 50/75
 - 22s - loss: 0.9656 - decoder_loss: 0.0212 - classifier_loss: 0.8809 - val_loss: 0.9733 - val_decoder_loss: 0.0199 - val_classifier_loss: 0.8935
Epoch 51/75
 - 23s - loss: 3.2037 - decoder_loss: 0.5910 - classifier_loss: 0.8395 - val_loss: 3.1570 - val_decoder_loss: 0.5887 - val_classifier_loss: 0.8020
Epoch 51/75
 - 21s - loss: 0.9616 - decoder_loss: 0.0212 - classifier_loss: 0.8770 - val_loss: 1.0299 - val_decoder_loss: 0.0203 - val_classifier_loss: 0.9487
Epoch 52/75
 - 21s - loss: 3.1924 - decoder_loss: 0.5910 - classifier_loss: 0.8286 - val_loss: 3.1677 - val_decoder_loss: 0.5887 - val_classifier_loss: 0.8129
Epoch 52/75
 - 22s - loss: 0.9568 - decoder_loss: 0.0211 - classifier_loss: 0.8725 - val_loss: 0.8892 - val_decoder_loss: 0.0189 - val_classifier_loss: 0.8135
Epoch 53/75
 - 23s - loss: 3.2024 - decoder_loss: 0.5912 - classifier_loss: 0.8374 - val_loss: 3.2465 - val_decoder_loss: 0.5906 - val_classifier_loss: 0.8843
Epoch 53/75
 - 22s - loss: 0.9541 - decoder_loss: 0.0210 - classifier_loss: 0.8701 - val_loss: 0.9521 - val_decoder_loss: 0.0193 - val_classifier_loss: 0.8751
Epoch 54/75
 - 23s - loss: 3.2027 - decoder_loss: 0.5912 - classifier_loss: 0.8380 - val_loss: 3.1707 - val_decoder_loss: 0.5875 - val_classifier_loss: 0.8205
Epoch 54/75
 - 21s - loss: 0.9527 - decoder_loss: 0.0210 - classifier_loss: 0.8687 - val_loss: 0.9440 - val_decoder_loss: 0.0206 - val_classifier_loss: 0.8618
Epoch 55/75
 - 22s - loss: 3.1932 - decoder_loss: 0.5909 - classifier_loss: 0.8297 - val_loss: 3.2164 - val_decoder_loss: 0.5889 - val_classifier_loss: 0.8607
Epoch 55/75
 - 22s - loss: 0.9572 - decoder_loss: 0.0211 - classifier_loss: 0.8727 - val_loss: 0.9997 - val_decoder_loss: 0.0188 - val_classifier_loss: 0.9243
Epoch 56/75
 - 23s - loss: 3.1974 - decoder_loss: 0.5910 - classifier_loss: 0.8335 - val_loss: 3.1989 - val_decoder_loss: 0.5898 - val_classifier_loss: 0.8398
Epoch 56/75
 - 22s - loss: 0.9524 - decoder_loss: 0.0213 - classifier_loss: 0.8673 - val_loss: 0.8974 - val_decoder_loss: 0.0191 - val_classifier_loss: 0.8211
Epoch 57/75
 - 23s - loss: 3.1992 - decoder_loss: 0.5912 - classifier_loss: 0.8345 - val_loss: 3.1480 - val_decoder_loss: 0.5887 - val_classifier_loss: 0.7932
Epoch 57/75
 - 22s - loss: 0.9551 - decoder_loss: 0.0210 - classifier_loss: 0.8712 - val_loss: 0.9150 - val_decoder_loss: 0.0205 - val_classifier_loss: 0.8331
Epoch 58/75
 - 23s - loss: 3.2007 - decoder_loss: 0.5913 - classifier_loss: 0.8355 - val_loss: 3.1676 - val_decoder_loss: 0.5882 - val_classifier_loss: 0.8147
Epoch 58/75
 - 22s - loss: 0.9497 - decoder_loss: 0.0211 - classifier_loss: 0.8653 - val_loss: 0.9091 - val_decoder_loss: 0.0208 - val_classifier_loss: 0.8259
Epoch 59/75
 - 23s - loss: 3.1959 - decoder_loss: 0.5909 - classifier_loss: 0.8323 - val_loss: 3.2468 - val_decoder_loss: 0.5908 - val_classifier_loss: 0.8835
Epoch 59/75
 - 22s - loss: 0.9538 - decoder_loss: 0.0210 - classifier_loss: 0.8699 - val_loss: 0.9279 - val_decoder_loss: 0.0195 - val_classifier_loss: 0.8500
Epoch 60/75
 - 23s - loss: 3.1950 - decoder_loss: 0.5910 - classifier_loss: 0.8311 - val_loss: 3.2182 - val_decoder_loss: 0.5915 - val_classifier_loss: 0.8521
Epoch 60/75
 - 22s - loss: 0.9488 - decoder_loss: 0.0210 - classifier_loss: 0.8647 - val_loss: 0.9664 - val_decoder_loss: 0.0199 - val_classifier_loss: 0.8870
Epoch 61/75
 - 23s - loss: 3.1895 - decoder_loss: 0.5909 - classifier_loss: 0.8258 - val_loss: 3.1914 - val_decoder_loss: 0.5887 - val_classifier_loss: 0.8367
Epoch 61/75
 - 21s - loss: 0.9502 - decoder_loss: 0.0211 - classifier_loss: 0.8658 - val_loss: 0.9702 - val_decoder_loss: 0.0199 - val_classifier_loss: 0.8906
Epoch 62/75
 - 22s - loss: 3.1924 - decoder_loss: 0.5908 - classifier_loss: 0.8291 - val_loss: 3.2269 - val_decoder_loss: 0.5896 - val_classifier_loss: 0.8684
Epoch 62/75
 - 22s - loss: 0.9484 - decoder_loss: 0.0211 - classifier_loss: 0.8639 - val_loss: 1.0136 - val_decoder_loss: 0.0192 - val_classifier_loss: 0.9367
Epoch 63/75
 - 23s - loss: 3.1907 - decoder_loss: 0.5911 - classifier_loss: 0.8264 - val_loss: 3.2046 - val_decoder_loss: 0.5906 - val_classifier_loss: 0.8422
Epoch 63/75
 - 22s - loss: 0.9517 - decoder_loss: 0.0213 - classifier_loss: 0.8665 - val_loss: 0.8880 - val_decoder_loss: 0.0187 - val_classifier_loss: 0.8130
Epoch 64/75
 - 22s - loss: 3.1883 - decoder_loss: 0.5909 - classifier_loss: 0.8245 - val_loss: 3.1833 - val_decoder_loss: 0.5884 - val_classifier_loss: 0.8296
Epoch 64/75
 - 21s - loss: 0.9551 - decoder_loss: 0.0214 - classifier_loss: 0.8696 - val_loss: 0.9312 - val_decoder_loss: 0.0212 - val_classifier_loss: 0.8464
Epoch 65/75
 - 22s - loss: 3.1967 - decoder_loss: 0.5911 - classifier_loss: 0.8324 - val_loss: 3.2262 - val_decoder_loss: 0.5874 - val_classifier_loss: 0.8765
Epoch 65/75
 - 22s - loss: 0.9497 - decoder_loss: 0.0211 - classifier_loss: 0.8653 - val_loss: 0.8974 - val_decoder_loss: 0.0211 - val_classifier_loss: 0.8131
Epoch 66/75
 - 23s - loss: 3.1885 - decoder_loss: 0.5915 - classifier_loss: 0.8226 - val_loss: 3.1715 - val_decoder_loss: 0.5883 - val_classifier_loss: 0.8184
Epoch 66/75
 - 22s - loss: 0.9481 - decoder_loss: 0.0213 - classifier_loss: 0.8630 - val_loss: 0.9161 - val_decoder_loss: 0.0217 - val_classifier_loss: 0.8292
Epoch 67/75
 - 23s - loss: 3.1856 - decoder_loss: 0.5911 - classifier_loss: 0.8211 - val_loss: 3.2090 - val_decoder_loss: 0.5918 - val_classifier_loss: 0.8418
Epoch 67/75
 - 22s - loss: 0.9408 - decoder_loss: 0.0210 - classifier_loss: 0.8568 - val_loss: 0.9447 - val_decoder_loss: 0.0218 - val_classifier_loss: 0.8577
Epoch 68/75
 - 23s - loss: 3.1872 - decoder_loss: 0.5913 - classifier_loss: 0.8221 - val_loss: 3.2705 - val_decoder_loss: 0.5884 - val_classifier_loss: 0.9169
Epoch 68/75
 - 23s - loss: 0.9434 - decoder_loss: 0.0211 - classifier_loss: 0.8590 - val_loss: 0.8878 - val_decoder_loss: 0.0188 - val_classifier_loss: 0.8127
Epoch 69/75
 - 26s - loss: 3.1876 - decoder_loss: 0.5912 - classifier_loss: 0.8229 - val_loss: 3.3576 - val_decoder_loss: 0.5902 - val_classifier_loss: 0.9968
Epoch 69/75
 - 26s - loss: 0.9387 - decoder_loss: 0.0210 - classifier_loss: 0.8548 - val_loss: 0.9149 - val_decoder_loss: 0.0194 - val_classifier_loss: 0.8373
Epoch 70/75
 - 26s - loss: 3.1749 - decoder_loss: 0.5912 - classifier_loss: 0.8103 - val_loss: 3.2401 - val_decoder_loss: 0.5908 - val_classifier_loss: 0.8769
Epoch 70/75
 - 26s - loss: 0.9485 - decoder_loss: 0.0211 - classifier_loss: 0.8642 - val_loss: 0.9262 - val_decoder_loss: 0.0212 - val_classifier_loss: 0.8413
Epoch 71/75
 - 26s - loss: 3.1815 - decoder_loss: 0.5911 - classifier_loss: 0.8171 - val_loss: 3.2364 - val_decoder_loss: 0.5912 - val_classifier_loss: 0.8718
Epoch 71/75
 - 23s - loss: 0.9407 - decoder_loss: 0.0209 - classifier_loss: 0.8570 - val_loss: 0.9441 - val_decoder_loss: 0.0202 - val_classifier_loss: 0.8634
Epoch 72/75
 - 23s - loss: 3.1803 - decoder_loss: 0.5912 - classifier_loss: 0.8154 - val_loss: 3.1797 - val_decoder_loss: 0.5884 - val_classifier_loss: 0.8262
Epoch 72/75
 - 26s - loss: 0.9390 - decoder_loss: 0.0210 - classifier_loss: 0.8548 - val_loss: 0.9178 - val_decoder_loss: 0.0202 - val_classifier_loss: 0.8369
Epoch 73/75
 - 26s - loss: 3.1805 - decoder_loss: 0.5911 - classifier_loss: 0.8163 - val_loss: 3.1863 - val_decoder_loss: 0.5877 - val_classifier_loss: 0.8357
Epoch 73/75
 - 26s - loss: 0.9416 - decoder_loss: 0.0210 - classifier_loss: 0.8576 - val_loss: 0.8973 - val_decoder_loss: 0.0201 - val_classifier_loss: 0.8168
Epoch 74/75
 - 26s - loss: 3.1763 - decoder_loss: 0.5911 - classifier_loss: 0.8120 - val_loss: 3.2140 - val_decoder_loss: 0.5916 - val_classifier_loss: 0.8475
Epoch 74/75
 - 26s - loss: 0.9445 - decoder_loss: 0.0210 - classifier_loss: 0.8603 - val_loss: 0.9444 - val_decoder_loss: 0.0244 - val_classifier_loss: 0.8468
Epoch 75/75
 - 27s - loss: 3.1769 - decoder_loss: 0.5910 - classifier_loss: 0.8128 - val_loss: 3.1540 - val_decoder_loss: 0.5877 - val_classifier_loss: 0.8032
Using TensorFlow backend.
Epoch 75/75
 - 26s - loss: 0.9451 - decoder_loss: 0.0210 - classifier_loss: 0.8611 - val_loss: 0.9345 - val_decoder_loss: 0.0210 - val_classifier_loss: 0.8505
Using TensorFlow backend.
2019-01-14 20:18:10.456563: I tensorflow/core/platform/cpu_feature_guard.cc:141] Your CPU supports instructions that this TensorFlow binary was not compiled to use: AVX2 FMA
2019-01-14 20:18:10.622073: I tensorflow/core/common_runtime/gpu/gpu_device.cc:1432] Found device 0 with properties: 
name: TITAN X (Pascal) major: 6 minor: 1 memoryClockRate(GHz): 1.531
pciBusID: 0000:05:00.0
totalMemory: 11.91GiB freeMemory: 11.75GiB
2019-01-14 20:18:10.622106: I tensorflow/core/common_runtime/gpu/gpu_device.cc:1511] Adding visible gpu devices: 0
2019-01-14 20:18:10.838415: I tensorflow/core/common_runtime/gpu/gpu_device.cc:982] Device interconnect StreamExecutor with strength 1 edge matrix:
2019-01-14 20:18:10.838448: I tensorflow/core/common_runtime/gpu/gpu_device.cc:988]      0 
2019-01-14 20:18:10.838455: I tensorflow/core/common_runtime/gpu/gpu_device.cc:1001] 0:   N 
2019-01-14 20:18:10.838685: I tensorflow/core/common_runtime/gpu/gpu_device.cc:1115] Created TensorFlow device (/job:localhost/replica:0/task:0/device:GPU:0 with 11371 MB memory) -> physical GPU (device: 0, name: TITAN X (Pascal), pci bus id: 0000:05:00.0, compute capability: 6.1)
Train on 50000 samples, validate on 10000 samples
Epoch 1/75
 - 27s - loss: 4.0697 - decoder_loss: 0.6047 - classifier_loss: 1.6510 - val_loss: 3.6918 - val_decoder_loss: 0.5941 - val_classifier_loss: 1.3154
Epoch 2/75
 - 26s - loss: 3.7273 - decoder_loss: 0.5946 - classifier_loss: 1.3487 - val_loss: 3.6044 - val_decoder_loss: 0.6033 - val_classifier_loss: 1.1910
Epoch 3/75
 - 26s - loss: 3.6222 - decoder_loss: 0.5937 - classifier_loss: 1.2476 - val_loss: 3.4699 - val_decoder_loss: 0.5910 - val_classifier_loss: 1.1058
Epoch 4/75
 - 26s - loss: 3.5520 - decoder_loss: 0.5936 - classifier_loss: 1.1775 - val_loss: 3.5554 - val_decoder_loss: 0.5921 - val_classifier_loss: 1.1870
Epoch 5/75
 - 26s - loss: 3.5179 - decoder_loss: 0.5932 - classifier_loss: 1.1451 - val_loss: 3.3925 - val_decoder_loss: 0.5932 - val_classifier_loss: 1.0196
Epoch 6/75
 - 26s - loss: 3.4826 - decoder_loss: 0.5926 - classifier_loss: 1.1121 - val_loss: 3.3598 - val_decoder_loss: 0.5907 - val_classifier_loss: 0.9969
Epoch 7/75
 - 26s - loss: 3.4496 - decoder_loss: 0.5925 - classifier_loss: 1.0795 - val_loss: 3.3492 - val_decoder_loss: 0.5958 - val_classifier_loss: 0.9659
2019-01-14 20:21:34.630876: I tensorflow/core/platform/cpu_feature_guard.cc:141] Your CPU supports instructions that this TensorFlow binary was not compiled to use: AVX2 FMA
2019-01-14 20:21:34.779342: I tensorflow/core/common_runtime/gpu/gpu_device.cc:1432] Found device 0 with properties: 
name: GeForce GTX 1080 Ti major: 6 minor: 1 memoryClockRate(GHz): 1.6325
pciBusID: 0000:06:00.0
totalMemory: 10.92GiB freeMemory: 10.76GiB
2019-01-14 20:21:34.779372: I tensorflow/core/common_runtime/gpu/gpu_device.cc:1511] Adding visible gpu devices: 0
2019-01-14 20:21:35.004701: I tensorflow/core/common_runtime/gpu/gpu_device.cc:982] Device interconnect StreamExecutor with strength 1 edge matrix:
2019-01-14 20:21:35.004735: I tensorflow/core/common_runtime/gpu/gpu_device.cc:988]      0 
2019-01-14 20:21:35.004740: I tensorflow/core/common_runtime/gpu/gpu_device.cc:1001] 0:   N 
2019-01-14 20:21:35.004971: I tensorflow/core/common_runtime/gpu/gpu_device.cc:1115] Created TensorFlow device (/job:localhost/replica:0/task:0/device:GPU:0 with 10407 MB memory) -> physical GPU (device: 0, name: GeForce GTX 1080 Ti, pci bus id: 0000:06:00.0, compute capability: 6.1)
Epoch 8/75
 - 26s - loss: 3.4327 - decoder_loss: 0.5928 - classifier_loss: 1.0613 - val_loss: 3.3171 - val_decoder_loss: 0.5907 - val_classifier_loss: 0.9544
Train on 50000 samples, validate on 10000 samples
Epoch 1/75
 - 25s - loss: 1.5882 - decoder_loss: 0.0239 - classifier_loss: 1.4926 - val_loss: 1.3158 - val_decoder_loss: 0.0199 - val_classifier_loss: 1.2362
Epoch 9/75
 - 20s - loss: 3.4077 - decoder_loss: 0.5928 - classifier_loss: 1.0365 - val_loss: 3.3519 - val_decoder_loss: 0.5925 - val_classifier_loss: 0.9818
Epoch 2/75
 - 24s - loss: 1.1618 - decoder_loss: 0.0179 - classifier_loss: 1.0902 - val_loss: 1.0851 - val_decoder_loss: 0.0172 - val_classifier_loss: 1.0161
Epoch 10/75
 - 26s - loss: 3.3871 - decoder_loss: 0.5928 - classifier_loss: 1.0158 - val_loss: 3.2944 - val_decoder_loss: 0.5939 - val_classifier_loss: 0.9189
Epoch 3/75
 - 24s - loss: 1.0106 - decoder_loss: 0.0171 - classifier_loss: 0.9421 - val_loss: 0.9949 - val_decoder_loss: 0.0170 - val_classifier_loss: 0.9268
Epoch 11/75
 - 26s - loss: 3.3700 - decoder_loss: 0.5926 - classifier_loss: 0.9998 - val_loss: 3.2690 - val_decoder_loss: 0.5948 - val_classifier_loss: 0.8899
Epoch 4/75
 - 19s - loss: 0.9183 - decoder_loss: 0.0169 - classifier_loss: 0.8507 - val_loss: 1.0324 - val_decoder_loss: 0.0166 - val_classifier_loss: 0.9658
Epoch 5/75
 - 22s - loss: 0.8602 - decoder_loss: 0.0166 - classifier_loss: 0.7938 - val_loss: 0.9484 - val_decoder_loss: 0.0164 - val_classifier_loss: 0.8828
Epoch 12/75
 - 26s - loss: 3.3605 - decoder_loss: 0.5927 - classifier_loss: 0.9899 - val_loss: 3.2788 - val_decoder_loss: 0.5931 - val_classifier_loss: 0.9064
Epoch 6/75
 - 24s - loss: 0.8136 - decoder_loss: 0.0166 - classifier_loss: 0.7470 - val_loss: 0.9346 - val_decoder_loss: 0.0166 - val_classifier_loss: 0.8680
Epoch 13/75
 - 26s - loss: 3.3570 - decoder_loss: 0.5926 - classifier_loss: 0.9867 - val_loss: 3.2560 - val_decoder_loss: 0.5896 - val_classifier_loss: 0.8976
Epoch 7/75
 - 24s - loss: 0.7704 - decoder_loss: 0.0165 - classifier_loss: 0.7045 - val_loss: 0.9979 - val_decoder_loss: 0.0175 - val_classifier_loss: 0.9278
Epoch 14/75
 - 26s - loss: 3.3465 - decoder_loss: 0.5924 - classifier_loss: 0.9770 - val_loss: 3.2020 - val_decoder_loss: 0.5910 - val_classifier_loss: 0.8381
Epoch 8/75
 - 24s - loss: 0.7364 - decoder_loss: 0.0164 - classifier_loss: 0.6709 - val_loss: 0.9332 - val_decoder_loss: 0.0169 - val_classifier_loss: 0.8655
Epoch 15/75
 - 26s - loss: 3.3365 - decoder_loss: 0.5925 - classifier_loss: 0.9666 - val_loss: 3.2359 - val_decoder_loss: 0.5895 - val_classifier_loss: 0.8779
Epoch 9/75
 - 24s - loss: 0.7016 - decoder_loss: 0.0161 - classifier_loss: 0.6370 - val_loss: 0.9507 - val_decoder_loss: 0.0170 - val_classifier_loss: 0.8828
Epoch 16/75
 - 26s - loss: 3.3265 - decoder_loss: 0.5924 - classifier_loss: 0.9571 - val_loss: 3.2543 - val_decoder_loss: 0.5953 - val_classifier_loss: 0.8731
Epoch 10/75
 - 23s - loss: 0.6732 - decoder_loss: 0.0161 - classifier_loss: 0.6089 - val_loss: 0.9597 - val_decoder_loss: 0.0171 - val_classifier_loss: 0.8912
2019-01-14 20:25:47.015640: I tensorflow/core/platform/cpu_feature_guard.cc:141] Your CPU supports instructions that this TensorFlow binary was not compiled to use: AVX2 FMA
2019-01-14 20:25:47.162501: I tensorflow/core/common_runtime/gpu/gpu_device.cc:1432] Found device 0 with properties: 
name: GeForce GTX 1080 Ti major: 6 minor: 1 memoryClockRate(GHz): 1.6325
pciBusID: 0000:0a:00.0
totalMemory: 10.92GiB freeMemory: 10.76GiB
2019-01-14 20:25:47.162539: I tensorflow/core/common_runtime/gpu/gpu_device.cc:1511] Adding visible gpu devices: 0
2019-01-14 20:25:47.417351: I tensorflow/core/common_runtime/gpu/gpu_device.cc:982] Device interconnect StreamExecutor with strength 1 edge matrix:
2019-01-14 20:25:47.417388: I tensorflow/core/common_runtime/gpu/gpu_device.cc:988]      0 
2019-01-14 20:25:47.417394: I tensorflow/core/common_runtime/gpu/gpu_device.cc:1001] 0:   N 
2019-01-14 20:25:47.417620: I tensorflow/core/common_runtime/gpu/gpu_device.cc:1115] Created TensorFlow device (/job:localhost/replica:0/task:0/device:GPU:0 with 10407 MB memory) -> physical GPU (device: 0, name: GeForce GTX 1080 Ti, pci bus id: 0000:0a:00.0, compute capability: 6.1)
Epoch 17/75
 - 23s - loss: 3.3209 - decoder_loss: 0.5921 - classifier_loss: 0.9523 - val_loss: 3.2487 - val_decoder_loss: 0.5887 - val_classifier_loss: 0.8938
Epoch 11/75
 - 20s - loss: 0.6449 - decoder_loss: 0.0160 - classifier_loss: 0.5811 - val_loss: 1.0797 - val_decoder_loss: 0.0166 - val_classifier_loss: 1.0134
Train on 50000 samples, validate on 10000 samples
Epoch 1/100
 - 23s - loss: 3.8491 - decoder_loss: 0.5992 - classifier_loss: 1.4522 - val_loss: 3.5357 - val_decoder_loss: 0.5938 - val_classifier_loss: 1.1606
Epoch 18/75
 - 21s - loss: 3.3100 - decoder_loss: 0.5919 - classifier_loss: 0.9423 - val_loss: 3.1867 - val_decoder_loss: 0.5878 - val_classifier_loss: 0.8356
Epoch 12/75
 - 20s - loss: 0.6329 - decoder_loss: 0.0161 - classifier_loss: 0.5684 - val_loss: 1.0090 - val_decoder_loss: 0.0172 - val_classifier_loss: 0.9402
Epoch 19/75
 - 22s - loss: 3.3061 - decoder_loss: 0.5920 - classifier_loss: 0.9381 - val_loss: 3.3262 - val_decoder_loss: 0.5953 - val_classifier_loss: 0.9450
Epoch 2/100
 - 22s - loss: 3.4048 - decoder_loss: 0.5864 - classifier_loss: 1.0594 - val_loss: 3.3570 - val_decoder_loss: 0.5841 - val_classifier_loss: 1.0205
Epoch 13/75
 - 21s - loss: 0.6070 - decoder_loss: 0.0160 - classifier_loss: 0.5429 - val_loss: 0.9807 - val_decoder_loss: 0.0164 - val_classifier_loss: 0.9152
Epoch 20/75
 - 23s - loss: 3.3032 - decoder_loss: 0.5919 - classifier_loss: 0.9356 - val_loss: 3.2385 - val_decoder_loss: 0.5942 - val_classifier_loss: 0.8617
Epoch 3/100
 - 22s - loss: 3.2684 - decoder_loss: 0.5844 - classifier_loss: 0.9306 - val_loss: 3.3950 - val_decoder_loss: 0.5861 - val_classifier_loss: 1.0506
Epoch 14/75
 - 21s - loss: 0.5882 - decoder_loss: 0.0159 - classifier_loss: 0.5246 - val_loss: 1.0221 - val_decoder_loss: 0.0164 - val_classifier_loss: 0.9566
Epoch 21/75
 - 23s - loss: 3.2965 - decoder_loss: 0.5922 - classifier_loss: 0.9275 - val_loss: 3.2138 - val_decoder_loss: 0.5923 - val_classifier_loss: 0.8445
Epoch 4/100
 - 22s - loss: 3.1853 - decoder_loss: 0.5836 - classifier_loss: 0.8509 - val_loss: 3.2908 - val_decoder_loss: 0.5861 - val_classifier_loss: 0.9465
Epoch 15/75
 - 20s - loss: 0.5742 - decoder_loss: 0.0159 - classifier_loss: 0.5105 - val_loss: 1.0333 - val_decoder_loss: 0.0168 - val_classifier_loss: 0.9661
Epoch 5/100
 - 21s - loss: 3.1182 - decoder_loss: 0.5825 - classifier_loss: 0.7881 - val_loss: 3.2538 - val_decoder_loss: 0.5839 - val_classifier_loss: 0.9183
Epoch 16/75
 - 20s - loss: 0.5589 - decoder_loss: 0.0158 - classifier_loss: 0.4956 - val_loss: 1.0108 - val_decoder_loss: 0.0172 - val_classifier_loss: 0.9419
Epoch 22/75
 - 23s - loss: 3.2881 - decoder_loss: 0.5920 - classifier_loss: 0.9199 - val_loss: 3.2075 - val_decoder_loss: 0.5908 - val_classifier_loss: 0.8442
Epoch 6/100
 - 22s - loss: 3.0769 - decoder_loss: 0.5823 - classifier_loss: 0.7478 - val_loss: 3.1991 - val_decoder_loss: 0.5824 - val_classifier_loss: 0.8695
Epoch 17/75
 - 21s - loss: 0.5438 - decoder_loss: 0.0159 - classifier_loss: 0.4802 - val_loss: 1.0604 - val_decoder_loss: 0.0166 - val_classifier_loss: 0.9940
Epoch 23/75
 - 23s - loss: 3.2858 - decoder_loss: 0.5921 - classifier_loss: 0.9176 - val_loss: 3.1768 - val_decoder_loss: 0.5890 - val_classifier_loss: 0.8207
Epoch 7/100
 - 22s - loss: 3.0395 - decoder_loss: 0.5817 - classifier_loss: 0.7128 - val_loss: 3.2644 - val_decoder_loss: 0.5819 - val_classifier_loss: 0.9368
Epoch 18/75
 - 21s - loss: 0.5270 - decoder_loss: 0.0157 - classifier_loss: 0.4642 - val_loss: 1.0849 - val_decoder_loss: 0.0166 - val_classifier_loss: 1.0185
Epoch 24/75
 - 23s - loss: 3.2743 - decoder_loss: 0.5921 - classifier_loss: 0.9059 - val_loss: 3.2674 - val_decoder_loss: 0.5928 - val_classifier_loss: 0.8962
Epoch 8/100
 - 22s - loss: 3.0002 - decoder_loss: 0.5814 - classifier_loss: 0.6747 - val_loss: 3.2656 - val_decoder_loss: 0.5844 - val_classifier_loss: 0.9282
Epoch 19/75
 - 21s - loss: 0.5177 - decoder_loss: 0.0159 - classifier_loss: 0.4542 - val_loss: 1.1039 - val_decoder_loss: 0.0169 - val_classifier_loss: 1.0365
Epoch 25/75
 - 23s - loss: 3.2804 - decoder_loss: 0.5917 - classifier_loss: 0.9134 - val_loss: 3.2004 - val_decoder_loss: 0.5900 - val_classifier_loss: 0.8403
Epoch 9/100
 - 22s - loss: 2.9696 - decoder_loss: 0.5810 - classifier_loss: 0.6457 - val_loss: 3.2351 - val_decoder_loss: 0.5820 - val_classifier_loss: 0.9072
Epoch 20/75
 - 21s - loss: 0.5054 - decoder_loss: 0.0158 - classifier_loss: 0.4422 - val_loss: 1.1339 - val_decoder_loss: 0.0171 - val_classifier_loss: 1.0655
Epoch 26/75
 - 23s - loss: 3.2723 - decoder_loss: 0.5922 - classifier_loss: 0.9035 - val_loss: 3.1907 - val_decoder_loss: 0.5907 - val_classifier_loss: 0.8280
Epoch 10/100
 - 22s - loss: 2.9384 - decoder_loss: 0.5808 - classifier_loss: 0.6153 - val_loss: 3.2619 - val_decoder_loss: 0.5821 - val_classifier_loss: 0.9335
Epoch 21/75
 - 21s - loss: 0.4893 - decoder_loss: 0.0157 - classifier_loss: 0.4265 - val_loss: 1.2185 - val_decoder_loss: 0.0178 - val_classifier_loss: 1.1472
Epoch 27/75
 - 22s - loss: 3.2683 - decoder_loss: 0.5919 - classifier_loss: 0.9008 - val_loss: 3.2235 - val_decoder_loss: 0.5904 - val_classifier_loss: 0.8618
Epoch 11/100
 - 21s - loss: 2.9173 - decoder_loss: 0.5807 - classifier_loss: 0.5944 - val_loss: 3.2719 - val_decoder_loss: 0.5834 - val_classifier_loss: 0.9385
Epoch 28/75
 - 21s - loss: 3.2650 - decoder_loss: 0.5920 - classifier_loss: 0.8970 - val_loss: 3.2146 - val_decoder_loss: 0.5910 - val_classifier_loss: 0.8506
Epoch 22/75
 - 20s - loss: 0.4829 - decoder_loss: 0.0157 - classifier_loss: 0.4203 - val_loss: 1.1871 - val_decoder_loss: 0.0178 - val_classifier_loss: 1.1161
Epoch 12/100
 - 22s - loss: 2.8952 - decoder_loss: 0.5807 - classifier_loss: 0.5724 - val_loss: 3.2436 - val_decoder_loss: 0.5826 - val_classifier_loss: 0.9131
Epoch 29/75
 - 23s - loss: 3.2604 - decoder_loss: 0.5921 - classifier_loss: 0.8919 - val_loss: 3.1655 - val_decoder_loss: 0.5890 - val_classifier_loss: 0.8097
Epoch 23/75
 - 21s - loss: 0.4679 - decoder_loss: 0.0157 - classifier_loss: 0.4051 - val_loss: 1.2655 - val_decoder_loss: 0.0174 - val_classifier_loss: 1.1961
Epoch 13/100
 - 22s - loss: 2.8764 - decoder_loss: 0.5806 - classifier_loss: 0.5541 - val_loss: 3.2685 - val_decoder_loss: 0.5820 - val_classifier_loss: 0.9404
Epoch 24/75
 - 21s - loss: 0.4596 - decoder_loss: 0.0156 - classifier_loss: 0.3973 - val_loss: 1.2802 - val_decoder_loss: 0.0176 - val_classifier_loss: 1.2097
Epoch 30/75
 - 23s - loss: 3.2586 - decoder_loss: 0.5921 - classifier_loss: 0.8902 - val_loss: 3.4633 - val_decoder_loss: 0.5911 - val_classifier_loss: 1.0990
Epoch 14/100
 - 22s - loss: 2.8476 - decoder_loss: 0.5801 - classifier_loss: 0.5272 - val_loss: 3.3531 - val_decoder_loss: 0.5822 - val_classifier_loss: 1.0245
Epoch 25/75
 - 21s - loss: 0.4481 - decoder_loss: 0.0156 - classifier_loss: 0.3856 - val_loss: 1.3813 - val_decoder_loss: 0.0177 - val_classifier_loss: 1.3106
Epoch 31/75
 - 23s - loss: 3.2552 - decoder_loss: 0.5919 - classifier_loss: 0.8875 - val_loss: 3.2073 - val_decoder_loss: 0.5895 - val_classifier_loss: 0.8492
Epoch 15/100
 - 21s - loss: 2.8312 - decoder_loss: 0.5800 - classifier_loss: 0.5110 - val_loss: 3.3598 - val_decoder_loss: 0.5829 - val_classifier_loss: 1.0282
Epoch 26/75
 - 20s - loss: 0.4365 - decoder_loss: 0.0157 - classifier_loss: 0.3735 - val_loss: 1.4148 - val_decoder_loss: 0.0174 - val_classifier_loss: 1.3453
Epoch 16/100
 - 21s - loss: 2.8117 - decoder_loss: 0.5799 - classifier_loss: 0.4921 - val_loss: 3.3182 - val_decoder_loss: 0.5828 - val_classifier_loss: 0.9871
Epoch 27/75
 - 21s - loss: 0.4316 - decoder_loss: 0.0156 - classifier_loss: 0.3691 - val_loss: 1.3776 - val_decoder_loss: 0.0172 - val_classifier_loss: 1.3087
Epoch 32/75
 - 23s - loss: 3.2575 - decoder_loss: 0.5921 - classifier_loss: 0.8893 - val_loss: 3.2380 - val_decoder_loss: 0.5919 - val_classifier_loss: 0.8705
Epoch 28/75
 - 21s - loss: 0.4273 - decoder_loss: 0.0156 - classifier_loss: 0.3650 - val_loss: 1.3639 - val_decoder_loss: 0.0169 - val_classifier_loss: 1.2961
Epoch 17/100
 - 22s - loss: 2.7969 - decoder_loss: 0.5799 - classifier_loss: 0.4772 - val_loss: 3.3550 - val_decoder_loss: 0.5840 - val_classifier_loss: 1.0192
Epoch 33/75
 - 23s - loss: 3.2532 - decoder_loss: 0.5921 - classifier_loss: 0.8849 - val_loss: 3.2321 - val_decoder_loss: 0.5911 - val_classifier_loss: 0.8676
Epoch 29/75
 - 21s - loss: 0.4168 - decoder_loss: 0.0156 - classifier_loss: 0.3545 - val_loss: 1.4049 - val_decoder_loss: 0.0173 - val_classifier_loss: 1.3358
Epoch 18/100
 - 22s - loss: 2.7826 - decoder_loss: 0.5799 - classifier_loss: 0.4630 - val_loss: 3.4071 - val_decoder_loss: 0.5829 - val_classifier_loss: 1.0754
Epoch 34/75
 - 23s - loss: 3.2509 - decoder_loss: 0.5919 - classifier_loss: 0.8835 - val_loss: 3.1868 - val_decoder_loss: 0.5901 - val_classifier_loss: 0.8265
Epoch 30/75
 - 21s - loss: 0.4085 - decoder_loss: 0.0157 - classifier_loss: 0.3456 - val_loss: 1.4095 - val_decoder_loss: 0.0174 - val_classifier_loss: 1.3399
Epoch 19/100
 - 22s - loss: 2.7667 - decoder_loss: 0.5796 - classifier_loss: 0.4482 - val_loss: 3.4279 - val_decoder_loss: 0.5848 - val_classifier_loss: 1.0888
Epoch 35/75
 - 23s - loss: 3.2460 - decoder_loss: 0.5921 - classifier_loss: 0.8777 - val_loss: 3.1731 - val_decoder_loss: 0.5905 - val_classifier_loss: 0.8110
Epoch 31/75
 - 21s - loss: 0.4027 - decoder_loss: 0.0156 - classifier_loss: 0.3402 - val_loss: 1.4412 - val_decoder_loss: 0.0183 - val_classifier_loss: 1.3682
Epoch 20/100
 - 22s - loss: 2.7555 - decoder_loss: 0.5800 - classifier_loss: 0.4357 - val_loss: 3.4583 - val_decoder_loss: 0.5836 - val_classifier_loss: 1.1238
Epoch 36/75
 - 22s - loss: 3.2426 - decoder_loss: 0.5920 - classifier_loss: 0.8746 - val_loss: 3.1679 - val_decoder_loss: 0.5908 - val_classifier_loss: 0.8047
Epoch 21/100
 - 20s - loss: 2.7446 - decoder_loss: 0.5801 - classifier_loss: 0.4244 - val_loss: 3.4604 - val_decoder_loss: 0.5829 - val_classifier_loss: 1.1290
Epoch 37/75
 - 22s - loss: 3.2400 - decoder_loss: 0.5921 - classifier_loss: 0.8715 - val_loss: 3.2322 - val_decoder_loss: 0.5922 - val_classifier_loss: 0.8635
Epoch 32/75
 - 20s - loss: 0.3968 - decoder_loss: 0.0158 - classifier_loss: 0.3337 - val_loss: 1.5708 - val_decoder_loss: 0.0175 - val_classifier_loss: 1.5007
Epoch 38/75
 - 22s - loss: 3.2346 - decoder_loss: 0.5919 - classifier_loss: 0.8669 - val_loss: 3.1849 - val_decoder_loss: 0.5933 - val_classifier_loss: 0.8117
Epoch 33/75
 - 21s - loss: 0.3938 - decoder_loss: 0.0161 - classifier_loss: 0.3294 - val_loss: 1.5176 - val_decoder_loss: 0.0180 - val_classifier_loss: 1.4457
Epoch 22/100
 - 22s - loss: 2.7289 - decoder_loss: 0.5798 - classifier_loss: 0.4098 - val_loss: 3.4935 - val_decoder_loss: 0.5822 - val_classifier_loss: 1.1647
Epoch 39/75
 - 23s - loss: 3.2336 - decoder_loss: 0.5920 - classifier_loss: 0.8654 - val_loss: 3.1760 - val_decoder_loss: 0.5897 - val_classifier_loss: 0.8170
Epoch 34/75
 - 21s - loss: 0.3876 - decoder_loss: 0.0158 - classifier_loss: 0.3244 - val_loss: 1.6510 - val_decoder_loss: 0.0185 - val_classifier_loss: 1.5768
Epoch 23/100
 - 22s - loss: 2.7220 - decoder_loss: 0.5796 - classifier_loss: 0.4034 - val_loss: 3.5564 - val_decoder_loss: 0.5862 - val_classifier_loss: 1.2117
Epoch 40/75
 - 23s - loss: 3.2431 - decoder_loss: 0.5919 - classifier_loss: 0.8753 - val_loss: 3.1750 - val_decoder_loss: 0.5910 - val_classifier_loss: 0.8112
Epoch 35/75
 - 21s - loss: 0.3761 - decoder_loss: 0.0158 - classifier_loss: 0.3127 - val_loss: 1.6115 - val_decoder_loss: 0.0194 - val_classifier_loss: 1.5338
Epoch 24/100
 - 22s - loss: 2.7130 - decoder_loss: 0.5799 - classifier_loss: 0.3933 - val_loss: 3.5431 - val_decoder_loss: 0.5833 - val_classifier_loss: 1.2098
Epoch 41/75
 - 23s - loss: 3.2395 - decoder_loss: 0.5920 - classifier_loss: 0.8716 - val_loss: 3.1754 - val_decoder_loss: 0.5887 - val_classifier_loss: 0.8207
Epoch 36/75
 - 21s - loss: 0.3751 - decoder_loss: 0.0162 - classifier_loss: 0.3101 - val_loss: 1.6435 - val_decoder_loss: 0.0183 - val_classifier_loss: 1.5702
Epoch 25/100
 - 21s - loss: 2.7026 - decoder_loss: 0.5799 - classifier_loss: 0.3830 - val_loss: 3.6050 - val_decoder_loss: 0.5844 - val_classifier_loss: 1.2675
Epoch 37/75
 - 20s - loss: 0.3740 - decoder_loss: 0.0162 - classifier_loss: 0.3093 - val_loss: 1.6619 - val_decoder_loss: 0.0176 - val_classifier_loss: 1.5913
Epoch 26/100
 - 21s - loss: 2.6969 - decoder_loss: 0.5797 - classifier_loss: 0.3783 - val_loss: 3.6410 - val_decoder_loss: 0.5871 - val_classifier_loss: 1.2928
Epoch 42/75
 - 23s - loss: 3.2314 - decoder_loss: 0.5919 - classifier_loss: 0.8638 - val_loss: 3.1526 - val_decoder_loss: 0.5896 - val_classifier_loss: 0.7940
Epoch 38/75
 - 21s - loss: 0.3689 - decoder_loss: 0.0160 - classifier_loss: 0.3050 - val_loss: 1.7664 - val_decoder_loss: 0.0174 - val_classifier_loss: 1.6967
Epoch 27/100
 - 22s - loss: 2.6857 - decoder_loss: 0.5798 - classifier_loss: 0.3664 - val_loss: 3.6607 - val_decoder_loss: 0.5828 - val_classifier_loss: 1.3294
Epoch 39/75
 - 21s - loss: 0.3646 - decoder_loss: 0.0161 - classifier_loss: 0.3003 - val_loss: 1.6673 - val_decoder_loss: 0.0187 - val_classifier_loss: 1.5926
Epoch 43/75
 - 23s - loss: 3.2260 - decoder_loss: 0.5918 - classifier_loss: 0.8588 - val_loss: 3.1473 - val_decoder_loss: 0.5909 - val_classifier_loss: 0.7838
Epoch 28/100
 - 22s - loss: 2.6771 - decoder_loss: 0.5796 - classifier_loss: 0.3588 - val_loss: 3.6983 - val_decoder_loss: 0.5878 - val_classifier_loss: 1.3470
Epoch 40/75
 - 21s - loss: 0.3606 - decoder_loss: 0.0161 - classifier_loss: 0.2961 - val_loss: 1.6645 - val_decoder_loss: 0.0180 - val_classifier_loss: 1.5926
Epoch 44/75
 - 23s - loss: 3.2225 - decoder_loss: 0.5919 - classifier_loss: 0.8550 - val_loss: 3.1992 - val_decoder_loss: 0.5892 - val_classifier_loss: 0.8424
Epoch 29/100
 - 22s - loss: 2.6730 - decoder_loss: 0.5796 - classifier_loss: 0.3546 - val_loss: 3.6970 - val_decoder_loss: 0.5830 - val_classifier_loss: 1.3652
Epoch 41/75
 - 21s - loss: 0.3563 - decoder_loss: 0.0161 - classifier_loss: 0.2917 - val_loss: 1.6743 - val_decoder_loss: 0.0179 - val_classifier_loss: 1.6028
Epoch 45/75
 - 22s - loss: 3.2235 - decoder_loss: 0.5920 - classifier_loss: 0.8556 - val_loss: 3.2691 - val_decoder_loss: 0.5915 - val_classifier_loss: 0.9029
Epoch 30/100
 - 21s - loss: 2.6671 - decoder_loss: 0.5796 - classifier_loss: 0.3488 - val_loss: 3.7822 - val_decoder_loss: 0.5869 - val_classifier_loss: 1.4344
Epoch 46/75
 - 22s - loss: 3.2322 - decoder_loss: 0.5916 - classifier_loss: 0.8657 - val_loss: 3.1621 - val_decoder_loss: 0.5912 - val_classifier_loss: 0.7972
Epoch 31/100
 - 21s - loss: 2.6591 - decoder_loss: 0.5795 - classifier_loss: 0.3410 - val_loss: 3.7554 - val_decoder_loss: 0.5848 - val_classifier_loss: 1.4162
Epoch 42/75
 - 20s - loss: 0.3502 - decoder_loss: 0.0162 - classifier_loss: 0.2854 - val_loss: 1.7913 - val_decoder_loss: 0.0180 - val_classifier_loss: 1.7192
Epoch 47/75
 - 22s - loss: 3.2357 - decoder_loss: 0.5921 - classifier_loss: 0.8674 - val_loss: 3.1556 - val_decoder_loss: 0.5902 - val_classifier_loss: 0.7948
Epoch 43/75
 - 20s - loss: 0.3457 - decoder_loss: 0.0162 - classifier_loss: 0.2811 - val_loss: 1.8972 - val_decoder_loss: 0.0216 - val_classifier_loss: 1.8106
Epoch 48/75
 - 23s - loss: 3.2230 - decoder_loss: 0.5919 - classifier_loss: 0.8555 - val_loss: 3.2127 - val_decoder_loss: 0.5908 - val_classifier_loss: 0.8493
Epoch 32/100
 - 22s - loss: 2.6527 - decoder_loss: 0.5796 - classifier_loss: 0.3343 - val_loss: 3.7590 - val_decoder_loss: 0.5835 - val_classifier_loss: 1.4251
Epoch 44/75
 - 21s - loss: 0.3451 - decoder_loss: 0.0162 - classifier_loss: 0.2803 - val_loss: 1.8026 - val_decoder_loss: 0.0185 - val_classifier_loss: 1.7285
Epoch 33/100
 - 22s - loss: 2.6432 - decoder_loss: 0.5797 - classifier_loss: 0.3245 - val_loss: 3.8179 - val_decoder_loss: 0.5829 - val_classifier_loss: 1.4862
Epoch 49/75
 - 23s - loss: 3.2161 - decoder_loss: 0.5917 - classifier_loss: 0.8491 - val_loss: 3.2350 - val_decoder_loss: 0.5973 - val_classifier_loss: 0.8459
Epoch 45/75
 - 21s - loss: 0.3384 - decoder_loss: 0.0162 - classifier_loss: 0.2734 - val_loss: 1.8361 - val_decoder_loss: 0.0184 - val_classifier_loss: 1.7625
Epoch 34/100
 - 22s - loss: 2.6393 - decoder_loss: 0.5795 - classifier_loss: 0.3213 - val_loss: 3.8187 - val_decoder_loss: 0.5839 - val_classifier_loss: 1.4832
Epoch 50/75
 - 23s - loss: 3.2281 - decoder_loss: 0.5917 - classifier_loss: 0.8612 - val_loss: 3.1679 - val_decoder_loss: 0.5913 - val_classifier_loss: 0.8025
Epoch 46/75
 - 21s - loss: 0.3421 - decoder_loss: 0.0160 - classifier_loss: 0.2781 - val_loss: 1.8610 - val_decoder_loss: 0.0182 - val_classifier_loss: 1.7880
Epoch 35/100
 - 22s - loss: 2.6379 - decoder_loss: 0.5796 - classifier_loss: 0.3194 - val_loss: 3.9194 - val_decoder_loss: 0.5845 - val_classifier_loss: 1.5813
Epoch 51/75
 - 23s - loss: 3.2269 - decoder_loss: 0.5920 - classifier_loss: 0.8591 - val_loss: 3.1515 - val_decoder_loss: 0.5878 - val_classifier_loss: 0.8002
Epoch 47/75
 - 21s - loss: 0.3309 - decoder_loss: 0.0161 - classifier_loss: 0.2666 - val_loss: 1.9194 - val_decoder_loss: 0.0180 - val_classifier_loss: 1.8475
Epoch 36/100
 - 21s - loss: 2.6326 - decoder_loss: 0.5794 - classifier_loss: 0.3152 - val_loss: 3.9124 - val_decoder_loss: 0.5848 - val_classifier_loss: 1.5733
Epoch 48/75
 - 20s - loss: 0.3335 - decoder_loss: 0.0165 - classifier_loss: 0.2676 - val_loss: 1.8839 - val_decoder_loss: 0.0186 - val_classifier_loss: 1.8097
Epoch 37/100
 - 22s - loss: 2.6299 - decoder_loss: 0.5801 - classifier_loss: 0.3095 - val_loss: 3.9511 - val_decoder_loss: 0.5851 - val_classifier_loss: 1.6108
Epoch 52/75
 - 23s - loss: 3.2172 - decoder_loss: 0.5916 - classifier_loss: 0.8509 - val_loss: 3.1816 - val_decoder_loss: 0.5882 - val_classifier_loss: 0.8288
Epoch 49/75
 - 21s - loss: 0.3300 - decoder_loss: 0.0163 - classifier_loss: 0.2649 - val_loss: 1.9491 - val_decoder_loss: 0.0196 - val_classifier_loss: 1.8706
Epoch 38/100
 - 22s - loss: 2.6235 - decoder_loss: 0.5802 - classifier_loss: 0.3027 - val_loss: 4.0105 - val_decoder_loss: 0.5845 - val_classifier_loss: 1.6725
Epoch 53/75
 - 23s - loss: 3.2166 - decoder_loss: 0.5916 - classifier_loss: 0.8502 - val_loss: 3.1875 - val_decoder_loss: 0.5892 - val_classifier_loss: 0.8309
Epoch 50/75
 - 21s - loss: 0.3288 - decoder_loss: 0.0161 - classifier_loss: 0.2646 - val_loss: 1.9286 - val_decoder_loss: 0.0186 - val_classifier_loss: 1.8543
Epoch 39/100
 - 22s - loss: 2.6214 - decoder_loss: 0.5799 - classifier_loss: 0.3017 - val_loss: 3.9760 - val_decoder_loss: 0.5847 - val_classifier_loss: 1.6371
Epoch 51/75
 - 21s - loss: 0.3249 - decoder_loss: 0.0161 - classifier_loss: 0.2603 - val_loss: 1.9560 - val_decoder_loss: 0.0196 - val_classifier_loss: 1.8776
Epoch 54/75
 - 23s - loss: 3.2247 - decoder_loss: 0.5919 - classifier_loss: 0.8572 - val_loss: 3.2663 - val_decoder_loss: 0.5910 - val_classifier_loss: 0.9023
Epoch 40/100
 - 20s - loss: 2.6220 - decoder_loss: 0.5807 - classifier_loss: 0.2992 - val_loss: 3.9637 - val_decoder_loss: 0.5850 - val_classifier_loss: 1.6235
Epoch 55/75
 - 22s - loss: 3.2136 - decoder_loss: 0.5916 - classifier_loss: 0.8472 - val_loss: 3.3293 - val_decoder_loss: 0.5907 - val_classifier_loss: 0.9666
Epoch 52/75
 - 21s - loss: 0.3250 - decoder_loss: 0.0162 - classifier_loss: 0.2603 - val_loss: 2.1270 - val_decoder_loss: 0.0184 - val_classifier_loss: 2.0535
Epoch 41/100
 - 22s - loss: 2.6124 - decoder_loss: 0.5803 - classifier_loss: 0.2911 - val_loss: 4.0174 - val_decoder_loss: 0.5853 - val_classifier_loss: 1.6764
Epoch 56/75
 - 23s - loss: 3.2137 - decoder_loss: 0.5918 - classifier_loss: 0.8463 - val_loss: 3.2076 - val_decoder_loss: 0.5896 - val_classifier_loss: 0.8493
Epoch 53/75
 - 20s - loss: 0.3264 - decoder_loss: 0.0162 - classifier_loss: 0.2617 - val_loss: 1.9968 - val_decoder_loss: 0.0178 - val_classifier_loss: 1.9256
Epoch 57/75
 - 22s - loss: 3.2121 - decoder_loss: 0.5919 - classifier_loss: 0.8443 - val_loss: 3.1946 - val_decoder_loss: 0.5899 - val_classifier_loss: 0.8350
Epoch 54/75
 - 21s - loss: 0.3224 - decoder_loss: 0.0166 - classifier_loss: 0.2562 - val_loss: 2.0053 - val_decoder_loss: 0.0201 - val_classifier_loss: 1.9249
Epoch 42/100
 - 22s - loss: 2.6112 - decoder_loss: 0.5805 - classifier_loss: 0.2892 - val_loss: 4.0638 - val_decoder_loss: 0.5867 - val_classifier_loss: 1.7170
Epoch 58/75
 - 23s - loss: 3.2093 - decoder_loss: 0.5918 - classifier_loss: 0.8420 - val_loss: 3.1644 - val_decoder_loss: 0.5910 - val_classifier_loss: 0.8004
Epoch 55/75
 - 21s - loss: 0.3214 - decoder_loss: 0.0162 - classifier_loss: 0.2566 - val_loss: 2.0660 - val_decoder_loss: 0.0305 - val_classifier_loss: 1.9441
Epoch 43/100
 - 22s - loss: 2.6071 - decoder_loss: 0.5804 - classifier_loss: 0.2855 - val_loss: 4.1181 - val_decoder_loss: 0.5860 - val_classifier_loss: 1.7743
Epoch 59/75
 - 23s - loss: 3.2063 - decoder_loss: 0.5919 - classifier_loss: 0.8386 - val_loss: 3.1631 - val_decoder_loss: 0.5892 - val_classifier_loss: 0.8063
Epoch 56/75
 - 21s - loss: 0.3167 - decoder_loss: 0.0165 - classifier_loss: 0.2509 - val_loss: 2.0936 - val_decoder_loss: 0.0181 - val_classifier_loss: 2.0212
Epoch 44/100
 - 22s - loss: 2.6004 - decoder_loss: 0.5805 - classifier_loss: 0.2783 - val_loss: 4.1654 - val_decoder_loss: 0.5849 - val_classifier_loss: 1.8256
Epoch 60/75
 - 23s - loss: 3.2110 - decoder_loss: 0.5917 - classifier_loss: 0.8444 - val_loss: 3.1768 - val_decoder_loss: 0.5886 - val_classifier_loss: 0.8223
Epoch 57/75
 - 21s - loss: 0.3163 - decoder_loss: 0.0167 - classifier_loss: 0.2495 - val_loss: 2.0294 - val_decoder_loss: 0.0194 - val_classifier_loss: 1.9520
Epoch 45/100
 - 22s - loss: 2.6074 - decoder_loss: 0.5810 - classifier_loss: 0.2835 - val_loss: 4.1221 - val_decoder_loss: 0.5896 - val_classifier_loss: 1.7636
Epoch 61/75
 - 23s - loss: 3.2081 - decoder_loss: 0.5919 - classifier_loss: 0.8405 - val_loss: 3.2335 - val_decoder_loss: 0.5910 - val_classifier_loss: 0.8693
Epoch 58/75
 - 21s - loss: 0.3116 - decoder_loss: 0.0162 - classifier_loss: 0.2466 - val_loss: 2.1357 - val_decoder_loss: 0.0187 - val_classifier_loss: 2.0609
Epoch 46/100
 - 21s - loss: 2.6005 - decoder_loss: 0.5806 - classifier_loss: 0.2782 - val_loss: 4.1233 - val_decoder_loss: 0.5895 - val_classifier_loss: 1.7654
Epoch 59/75
 - 20s - loss: 0.3135 - decoder_loss: 0.0164 - classifier_loss: 0.2480 - val_loss: 2.1132 - val_decoder_loss: 0.0187 - val_classifier_loss: 2.0383
Epoch 47/100
 - 21s - loss: 2.6014 - decoder_loss: 0.5809 - classifier_loss: 0.2779 - val_loss: 4.1167 - val_decoder_loss: 0.5856 - val_classifier_loss: 1.7742
Epoch 62/75
 - 23s - loss: 3.2069 - decoder_loss: 0.5915 - classifier_loss: 0.8408 - val_loss: 3.1695 - val_decoder_loss: 0.5913 - val_classifier_loss: 0.8042
Epoch 60/75
 - 21s - loss: 0.3130 - decoder_loss: 0.0164 - classifier_loss: 0.2474 - val_loss: 2.2438 - val_decoder_loss: 0.0189 - val_classifier_loss: 2.1681
Epoch 48/100
 - 22s - loss: 2.5962 - decoder_loss: 0.5809 - classifier_loss: 0.2727 - val_loss: 4.1730 - val_decoder_loss: 0.5877 - val_classifier_loss: 1.8221
Epoch 63/75
 - 23s - loss: 3.2123 - decoder_loss: 0.5919 - classifier_loss: 0.8448 - val_loss: 3.1931 - val_decoder_loss: 0.5944 - val_classifier_loss: 0.8155
Epoch 61/75
 - 21s - loss: 0.3136 - decoder_loss: 0.0164 - classifier_loss: 0.2479 - val_loss: 2.2408 - val_decoder_loss: 0.0191 - val_classifier_loss: 2.1644
Epoch 49/100
 - 21s - loss: 2.6002 - decoder_loss: 0.5810 - classifier_loss: 0.2764 - val_loss: 4.2004 - val_decoder_loss: 0.5850 - val_classifier_loss: 1.8602
Epoch 64/75
 - 22s - loss: 3.2104 - decoder_loss: 0.5918 - classifier_loss: 0.8431 - val_loss: 3.1367 - val_decoder_loss: 0.5885 - val_classifier_loss: 0.7828
Epoch 50/100
 - 21s - loss: 2.5936 - decoder_loss: 0.5806 - classifier_loss: 0.2713 - val_loss: 4.2624 - val_decoder_loss: 0.5869 - val_classifier_loss: 1.9147
Epoch 62/75
 - 21s - loss: 0.3145 - decoder_loss: 0.0169 - classifier_loss: 0.2468 - val_loss: 2.1836 - val_decoder_loss: 0.0188 - val_classifier_loss: 2.1082
Epoch 65/75
 - 23s - loss: 3.2034 - decoder_loss: 0.5918 - classifier_loss: 0.8363 - val_loss: 3.1989 - val_decoder_loss: 0.5922 - val_classifier_loss: 0.8299
Epoch 51/100
 - 22s - loss: 2.5848 - decoder_loss: 0.5810 - classifier_loss: 0.2609 - val_loss: 4.2845 - val_decoder_loss: 0.5855 - val_classifier_loss: 1.9425
Epoch 63/75
 - 20s - loss: 0.3135 - decoder_loss: 0.0163 - classifier_loss: 0.2484 - val_loss: 2.2095 - val_decoder_loss: 0.0203 - val_classifier_loss: 2.1282
Epoch 66/75
 - 22s - loss: 3.2078 - decoder_loss: 0.5918 - classifier_loss: 0.8405 - val_loss: 3.1778 - val_decoder_loss: 0.5942 - val_classifier_loss: 0.8010
Epoch 64/75
 - 20s - loss: 0.3110 - decoder_loss: 0.0164 - classifier_loss: 0.2453 - val_loss: 2.2029 - val_decoder_loss: 0.0202 - val_classifier_loss: 2.1223
Epoch 67/75
 - 23s - loss: 3.2038 - decoder_loss: 0.5919 - classifier_loss: 0.8361 - val_loss: 3.1499 - val_decoder_loss: 0.5893 - val_classifier_loss: 0.7926
Epoch 52/100
 - 22s - loss: 2.5889 - decoder_loss: 0.5810 - classifier_loss: 0.2650 - val_loss: 4.3714 - val_decoder_loss: 0.5913 - val_classifier_loss: 2.0063
Epoch 65/75
 - 21s - loss: 0.3077 - decoder_loss: 0.0165 - classifier_loss: 0.2417 - val_loss: 2.2598 - val_decoder_loss: 0.0182 - val_classifier_loss: 2.1872
Epoch 53/100
 - 22s - loss: 2.5907 - decoder_loss: 0.5810 - classifier_loss: 0.2665 - val_loss: 4.3188 - val_decoder_loss: 0.5856 - val_classifier_loss: 1.9764
Epoch 68/75
 - 23s - loss: 3.2023 - decoder_loss: 0.5919 - classifier_loss: 0.8346 - val_loss: 3.1784 - val_decoder_loss: 0.5900 - val_classifier_loss: 0.8185
Epoch 66/75
 - 21s - loss: 0.3098 - decoder_loss: 0.0165 - classifier_loss: 0.2440 - val_loss: 2.2726 - val_decoder_loss: 0.0191 - val_classifier_loss: 2.1963
Epoch 54/100
 - 22s - loss: 2.5878 - decoder_loss: 0.5811 - classifier_loss: 0.2634 - val_loss: 4.3985 - val_decoder_loss: 0.5861 - val_classifier_loss: 2.0542
Epoch 69/75
 - 23s - loss: 3.1952 - decoder_loss: 0.5918 - classifier_loss: 0.8280 - val_loss: 3.1585 - val_decoder_loss: 0.5912 - val_classifier_loss: 0.7937
Epoch 67/75
 - 21s - loss: 0.3165 - decoder_loss: 0.0168 - classifier_loss: 0.2494 - val_loss: 2.3389 - val_decoder_loss: 0.0193 - val_classifier_loss: 2.2619
Epoch 55/100
 - 22s - loss: 2.5924 - decoder_loss: 0.5808 - classifier_loss: 0.2691 - val_loss: 4.2458 - val_decoder_loss: 0.5862 - val_classifier_loss: 1.9012
Epoch 70/75
 - 23s - loss: 3.2026 - decoder_loss: 0.5917 - classifier_loss: 0.8359 - val_loss: 3.1673 - val_decoder_loss: 0.5883 - val_classifier_loss: 0.8140
Epoch 68/75
 - 21s - loss: 0.2996 - decoder_loss: 0.0166 - classifier_loss: 0.2331 - val_loss: 2.3311 - val_decoder_loss: 0.0198 - val_classifier_loss: 2.2518
Epoch 56/100
 - 22s - loss: 2.5774 - decoder_loss: 0.5810 - classifier_loss: 0.2533 - val_loss: 4.3850 - val_decoder_loss: 0.5863 - val_classifier_loss: 2.0399
Epoch 71/75
 - 23s - loss: 3.2096 - decoder_loss: 0.5917 - classifier_loss: 0.8428 - val_loss: 3.1803 - val_decoder_loss: 0.5914 - val_classifier_loss: 0.8146
Epoch 69/75
 - 21s - loss: 0.3148 - decoder_loss: 0.0177 - classifier_loss: 0.2439 - val_loss: 2.2767 - val_decoder_loss: 0.0190 - val_classifier_loss: 2.2007
Epoch 57/100
 - 21s - loss: 2.5812 - decoder_loss: 0.5814 - classifier_loss: 0.2558 - val_loss: 4.3731 - val_decoder_loss: 0.5867 - val_classifier_loss: 2.0262
Epoch 70/75
 - 20s - loss: 0.3082 - decoder_loss: 0.0170 - classifier_loss: 0.2402 - val_loss: 2.4485 - val_decoder_loss: 0.0196 - val_classifier_loss: 2.3700
Epoch 58/100
 - 22s - loss: 2.5752 - decoder_loss: 0.5811 - classifier_loss: 0.2509 - val_loss: 4.3984 - val_decoder_loss: 0.5862 - val_classifier_loss: 2.0537
Epoch 72/75
 - 23s - loss: 3.2011 - decoder_loss: 0.5917 - classifier_loss: 0.8344 - val_loss: 3.1645 - val_decoder_loss: 0.5900 - val_classifier_loss: 0.8045
Epoch 71/75
 - 21s - loss: 0.3137 - decoder_loss: 0.0171 - classifier_loss: 0.2455 - val_loss: 2.3484 - val_decoder_loss: 0.0195 - val_classifier_loss: 2.2705
Epoch 59/100
 - 21s - loss: 2.5790 - decoder_loss: 0.5819 - classifier_loss: 0.2516 - val_loss: 4.4192 - val_decoder_loss: 0.5859 - val_classifier_loss: 2.0755
Epoch 73/75
 - 22s - loss: 3.1951 - decoder_loss: 0.5917 - classifier_loss: 0.8283 - val_loss: 3.1830 - val_decoder_loss: 0.5926 - val_classifier_loss: 0.8126
Epoch 60/100
 - 21s - loss: 2.5834 - decoder_loss: 0.5810 - classifier_loss: 0.2595 - val_loss: 4.4279 - val_decoder_loss: 0.5887 - val_classifier_loss: 2.0731
Epoch 72/75
 - 21s - loss: 0.3029 - decoder_loss: 0.0172 - classifier_loss: 0.2342 - val_loss: 2.3984 - val_decoder_loss: 0.0216 - val_classifier_loss: 2.3119
Epoch 74/75
 - 23s - loss: 3.1984 - decoder_loss: 0.5921 - classifier_loss: 0.8302 - val_loss: 3.1945 - val_decoder_loss: 0.5910 - val_classifier_loss: 0.8304
Epoch 61/100
 - 22s - loss: 2.5658 - decoder_loss: 0.5811 - classifier_loss: 0.2413 - val_loss: 4.4805 - val_decoder_loss: 0.5859 - val_classifier_loss: 2.1370
Epoch 73/75
 - 21s - loss: 0.3059 - decoder_loss: 0.0173 - classifier_loss: 0.2369 - val_loss: 2.4917 - val_decoder_loss: 0.0242 - val_classifier_loss: 2.3948
Epoch 75/75
 - 23s - loss: 3.1989 - decoder_loss: 0.5921 - classifier_loss: 0.8307 - val_loss: 3.2354 - val_decoder_loss: 0.5919 - val_classifier_loss: 0.8678
Using TensorFlow backend.
Epoch 74/75
 - 19s - loss: 0.3043 - decoder_loss: 0.0174 - classifier_loss: 0.2345 - val_loss: 2.4111 - val_decoder_loss: 0.0185 - val_classifier_loss: 2.3370
Epoch 62/100
 - 25s - loss: 2.5768 - decoder_loss: 0.5817 - classifier_loss: 0.2501 - val_loss: 4.5788 - val_decoder_loss: 0.5926 - val_classifier_loss: 2.2084
Epoch 75/75
 - 24s - loss: 0.3059 - decoder_loss: 0.0171 - classifier_loss: 0.2375 - val_loss: 2.4351 - val_decoder_loss: 0.0218 - val_classifier_loss: 2.3478
Using TensorFlow backend.
Epoch 63/100
 - 25s - loss: 2.5709 - decoder_loss: 0.5816 - classifier_loss: 0.2443 - val_loss: 4.5737 - val_decoder_loss: 0.5893 - val_classifier_loss: 2.2166
Epoch 64/100
 - 25s - loss: 2.5713 - decoder_loss: 0.5822 - classifier_loss: 0.2426 - val_loss: 4.6294 - val_decoder_loss: 0.5859 - val_classifier_loss: 2.2860
Epoch 65/100
 - 25s - loss: 2.5806 - decoder_loss: 0.5814 - classifier_loss: 0.2549 - val_loss: 4.6129 - val_decoder_loss: 0.5875 - val_classifier_loss: 2.2628
Epoch 66/100
 - 25s - loss: 2.5645 - decoder_loss: 0.5811 - classifier_loss: 0.2401 - val_loss: 4.6048 - val_decoder_loss: 0.5887 - val_classifier_loss: 2.2502
Epoch 67/100
 - 25s - loss: 2.5761 - decoder_loss: 0.5822 - classifier_loss: 0.2475 - val_loss: 4.5621 - val_decoder_loss: 0.5860 - val_classifier_loss: 2.2181
Epoch 68/100
 - 25s - loss: 2.5702 - decoder_loss: 0.5818 - classifier_loss: 0.2431 - val_loss: 4.6487 - val_decoder_loss: 0.5917 - val_classifier_loss: 2.2820
Epoch 69/100
 - 25s - loss: 2.5699 - decoder_loss: 0.5821 - classifier_loss: 0.2414 - val_loss: 4.6929 - val_decoder_loss: 0.5866 - val_classifier_loss: 2.3463
Epoch 70/100
 - 25s - loss: 2.5737 - decoder_loss: 0.5822 - classifier_loss: 0.2449 - val_loss: 4.6461 - val_decoder_loss: 0.5874 - val_classifier_loss: 2.2965
Epoch 71/100
 - 25s - loss: 2.5742 - decoder_loss: 0.5830 - classifier_loss: 0.2423 - val_loss: 4.5861 - val_decoder_loss: 0.5875 - val_classifier_loss: 2.2360
Epoch 72/100
 - 25s - loss: 2.5663 - decoder_loss: 0.5828 - classifier_loss: 0.2352 - val_loss: 4.6838 - val_decoder_loss: 0.5887 - val_classifier_loss: 2.3291
Epoch 73/100
 - 25s - loss: 2.5687 - decoder_loss: 0.5828 - classifier_loss: 0.2376 - val_loss: 4.6460 - val_decoder_loss: 0.5865 - val_classifier_loss: 2.3000
Epoch 74/100
 - 25s - loss: 2.5627 - decoder_loss: 0.5824 - classifier_loss: 0.2330 - val_loss: 4.7396 - val_decoder_loss: 0.5895 - val_classifier_loss: 2.3817
Epoch 75/100
 - 25s - loss: 2.5643 - decoder_loss: 0.5826 - classifier_loss: 0.2339 - val_loss: 4.7213 - val_decoder_loss: 0.5883 - val_classifier_loss: 2.3681
Epoch 76/100
 - 25s - loss: 2.5669 - decoder_loss: 0.5831 - classifier_loss: 0.2344 - val_loss: 4.8218 - val_decoder_loss: 0.5874 - val_classifier_loss: 2.4723
Epoch 77/100
 - 25s - loss: 2.5706 - decoder_loss: 0.5832 - classifier_loss: 0.2378 - val_loss: 4.8263 - val_decoder_loss: 0.5884 - val_classifier_loss: 2.4729
Epoch 78/100
 - 25s - loss: 2.5771 - decoder_loss: 0.5833 - classifier_loss: 0.2437 - val_loss: 4.7190 - val_decoder_loss: 0.5878 - val_classifier_loss: 2.3676
Epoch 79/100
 - 25s - loss: 2.5694 - decoder_loss: 0.5827 - classifier_loss: 0.2385 - val_loss: 4.7818 - val_decoder_loss: 0.5872 - val_classifier_loss: 2.4331
Epoch 80/100
 - 25s - loss: 2.5637 - decoder_loss: 0.5830 - classifier_loss: 0.2316 - val_loss: 4.9514 - val_decoder_loss: 0.5895 - val_classifier_loss: 2.5936
Epoch 81/100
 - 25s - loss: 2.5704 - decoder_loss: 0.5833 - classifier_loss: 0.2373 - val_loss: 4.8874 - val_decoder_loss: 0.5908 - val_classifier_loss: 2.5244
Epoch 82/100
 - 25s - loss: 2.5650 - decoder_loss: 0.5831 - classifier_loss: 0.2326 - val_loss: 4.9554 - val_decoder_loss: 0.5885 - val_classifier_loss: 2.6016
Epoch 83/100
 - 25s - loss: 2.5697 - decoder_loss: 0.5832 - classifier_loss: 0.2370 - val_loss: 4.8373 - val_decoder_loss: 0.5897 - val_classifier_loss: 2.4784
Epoch 84/100
 - 25s - loss: 2.5620 - decoder_loss: 0.5838 - classifier_loss: 0.2268 - val_loss: 4.9478 - val_decoder_loss: 0.5873 - val_classifier_loss: 2.5987
Epoch 85/100
 - 25s - loss: 2.5680 - decoder_loss: 0.5832 - classifier_loss: 0.2350 - val_loss: 4.9096 - val_decoder_loss: 0.5917 - val_classifier_loss: 2.5427
Epoch 86/100
 - 25s - loss: 2.5716 - decoder_loss: 0.5833 - classifier_loss: 0.2383 - val_loss: 4.8609 - val_decoder_loss: 0.5887 - val_classifier_loss: 2.5061
Epoch 87/100
 - 25s - loss: 2.5585 - decoder_loss: 0.5833 - classifier_loss: 0.2255 - val_loss: 4.9869 - val_decoder_loss: 0.5880 - val_classifier_loss: 2.6349
Epoch 88/100
 - 25s - loss: 2.5735 - decoder_loss: 0.5832 - classifier_loss: 0.2407 - val_loss: 4.9044 - val_decoder_loss: 0.5892 - val_classifier_loss: 2.5478
Epoch 89/100
 - 25s - loss: 2.5668 - decoder_loss: 0.5834 - classifier_loss: 0.2331 - val_loss: 4.9851 - val_decoder_loss: 0.5892 - val_classifier_loss: 2.6285
Epoch 90/100
 - 25s - loss: 2.5689 - decoder_loss: 0.5838 - classifier_loss: 0.2339 - val_loss: 4.8960 - val_decoder_loss: 0.5877 - val_classifier_loss: 2.5450
Epoch 91/100
 - 25s - loss: 2.5702 - decoder_loss: 0.5837 - classifier_loss: 0.2355 - val_loss: 4.9258 - val_decoder_loss: 0.5880 - val_classifier_loss: 2.5736
Epoch 92/100
 - 25s - loss: 2.5678 - decoder_loss: 0.5835 - classifier_loss: 0.2337 - val_loss: 5.1335 - val_decoder_loss: 0.5931 - val_classifier_loss: 2.7613
Epoch 93/100
 - 25s - loss: 2.5639 - decoder_loss: 0.5834 - classifier_loss: 0.2303 - val_loss: 5.0008 - val_decoder_loss: 0.5876 - val_classifier_loss: 2.6504
Epoch 94/100
 - 25s - loss: 2.5658 - decoder_loss: 0.5840 - classifier_loss: 0.2299 - val_loss: 5.0751 - val_decoder_loss: 0.5902 - val_classifier_loss: 2.7141
Epoch 95/100
 - 25s - loss: 2.5704 - decoder_loss: 0.5843 - classifier_loss: 0.2332 - val_loss: 5.0351 - val_decoder_loss: 0.5874 - val_classifier_loss: 2.6855
Epoch 96/100
 - 25s - loss: 2.5687 - decoder_loss: 0.5839 - classifier_loss: 0.2330 - val_loss: 5.0060 - val_decoder_loss: 0.5887 - val_classifier_loss: 2.6511
Epoch 97/100
 - 25s - loss: 2.5733 - decoder_loss: 0.5840 - classifier_loss: 0.2372 - val_loss: 4.9459 - val_decoder_loss: 0.5912 - val_classifier_loss: 2.5812
Epoch 98/100
 - 25s - loss: 2.5752 - decoder_loss: 0.5850 - classifier_loss: 0.2351 - val_loss: 5.0978 - val_decoder_loss: 0.5890 - val_classifier_loss: 2.7416
Epoch 99/100
 - 25s - loss: 2.5625 - decoder_loss: 0.5841 - classifier_loss: 0.2259 - val_loss: 5.1437 - val_decoder_loss: 0.5964 - val_classifier_loss: 2.7579
Epoch 100/100
 - 25s - loss: 2.5736 - decoder_loss: 0.5837 - classifier_loss: 0.2388 - val_loss: 5.1276 - val_decoder_loss: 0.5884 - val_classifier_loss: 2.7742
Using TensorFlow backend.
